2026-05-30 17:08:56 [info]: 🚀 Server running in development mode on port 5000
2026-05-30 17:08:56 [info]: 📡 API Base: http://localhost:5000/api/v1
2026-05-30 17:08:56 [info]: ❤️  Health:  http://localhost:5000/health
2026-05-30 17:08:58 [error]: ❌ MongoDB connection failed: querySrv ECONNREFUSED _mongodb._tcp.inventorycluster.zrmet53.mongodb.net
2026-05-30 17:33:13 [info]: 🚀 Server running in development mode on port 5000
2026-05-30 17:33:13 [info]: 📡 API Base: http://localhost:5000/api/v1
2026-05-30 17:33:13 [info]: ❤️  Health:  http://localhost:5000/health
2026-05-30 17:33:14 [info]: ✅ MongoDB connected: ac-gogc01n-shard-00-00.zrmet53.mongodb.net
2026-05-30 17:41:04 [info]: New user registered: sadiakhalilsadia54@gmail.com (viewer)
2026-05-30 17:41:26 [info]: Login: sadiakhalilsadia54@gmail.com
2026-05-30 17:41:26 [error]: 500 GET /api/v1/analytics/sales-by-category — unrecognized option to $unwind stage: preserveNullAndEmpty
2026-05-30 17:41:26 [error]: 500 GET /api/v1/analytics/sales-by-category — unrecognized option to $unwind stage: preserveNullAndEmpty
2026-05-30 17:42:50 [error]: 500 GET /api/v1/analytics/sales-by-category — unrecognized option to $unwind stage: preserveNullAndEmpty
2026-05-30 17:42:50 [error]: 500 GET /api/v1/analytics/sales-by-category — unrecognized option to $unwind stage: preserveNullAndEmpty
2026-05-30 17:46:55 [info]: ✅ MongoDB reconnected
2026-05-30 17:51:26 [info]: Login: sadiakhalilsadia54@gmail.com
2026-05-30 17:51:26 [error]: 500 GET /api/v1/analytics/sales-by-category — unrecognized option to $unwind stage: preserveNullAndEmpty
2026-05-30 17:51:26 [error]: 500 GET /api/v1/analytics/sales-by-category — unrecognized option to $unwind stage: preserveNullAndEmpty
2026-05-30 17:51:36 [error]: 500 GET /api/v1/analytics/sales-by-category — unrecognized option to $unwind stage: preserveNullAndEmpty
2026-05-30 17:51:36 [error]: 500 GET /api/v1/analytics/top-products — unrecognized option to $unwind stage: preserveNullAndEmpty
2026-05-30 17:51:36 [error]: 500 GET /api/v1/analytics/sales-by-category — unrecognized option to $unwind stage: preserveNullAndEmpty
2026-05-30 17:51:36 [error]: 500 GET /api/v1/analytics/top-products — unrecognized option to $unwind stage: preserveNullAndEmpty
2026-05-30 17:53:23 [error]: 401 POST /api/v1/auth/login — Invalid email or password.
2026-05-30 17:53:23 [error]: 401 POST /api/v1/auth/login — Invalid email or password.
2026-05-30 17:54:08 [info]: New user registered: admin@invotrack.com (viewer)
2026-05-30 17:54:28 [error]: 401 POST /api/v1/auth/login — Invalid email or password.
2026-05-30 17:54:29 [error]: 401 POST /api/v1/auth/login — Invalid email or password.
2026-05-30 17:56:19 [info]: 🚀 Server running in development mode on port 5000
2026-05-30 17:56:19 [info]: 📡 API Base: http://localhost:5000/api/v1
2026-05-30 17:56:19 [info]: ❤️  Health:  http://localhost:5000/health
2026-05-30 17:56:24 [info]: ✅ MongoDB connected: ac-gogc01n-shard-00-01.zrmet53.mongodb.net
2026-05-30 17:58:24 [error]: 401 POST /api/v1/auth/login — Invalid email or password.
2026-05-30 17:58:24 [error]: 401 POST /api/v1/auth/login — Invalid email or password.
2026-05-30 17:58:33 [error]: 401 POST /api/v1/auth/login — Invalid email or password.
2026-05-30 17:58:33 [error]: 401 POST /api/v1/auth/login — Invalid email or password.
2026-05-30 18:06:32 [info]: 🚀 Server running in development mode on port 5000
2026-05-30 18:06:32 [info]: 📡 API Base: http://localhost:5000/api/v1
2026-05-30 18:06:32 [info]: ❤️  Health:  http://localhost:5000/health
